#
# There is insufficient memory for the Java Runtime Environment to continue.
# Native memory allocation (mmap) failed to map 536870912 bytes for G1 virtual space
# Possible reasons:
#   The system is out of physical RAM or swap space
#   The process is running with CompressedOops enabled, and the Java Heap may be blocking the growth of the native heap
# Possible solutions:
#   Reduce memory load on the system
#   Increase physical memory or swap space
#   Check if swap backing store is full
#   Decrease Java heap size (-Xmx/-Xms)
#   Decrease number of Java threads
#   Decrease Java thread stack sizes (-Xss)
#   Set larger code cache with -XX:ReservedCodeCacheSize=
#   JVM is running with Zero Based Compressed Oops mode in which the Java heap is
#     placed in the first 32GB address space. The Java Heap base address is the
#     maximum limit for the native heap growth. Please use -XX:HeapBaseMinAddress
#     to set the Java Heap base and to place the Java Heap above 32GB virtual address.
# This output file may be truncated or incomplete.
#
#  Out of Memory Error (os_windows.cpp:3466), pid=23800, tid=25304
#
# JRE version:  (16.0.2+7) (build )
# Java VM: OpenJDK 64-Bit Server VM (16.0.2+7-67, mixed mode, sharing, tiered, compressed oops, compressed class ptrs, g1 gc, windows-amd64)
# No core dump will be written. Minidumps are not enabled by default on client versions of Windows
#

---------------  S U M M A R Y ------------

Command Line: -Dfile.encoding=Cp1252 --module-path=E:\LUCAS_PROGRAMMING\Java\TCC\Accendo\accendo\bin -XX:+ShowCodeDetailsInExceptionMessages -Djdk.module.main=accendo accendo/main.Main

Host: AMD Ryzen 5 5600X 6-Core Processor             , 12 cores, 31G,  Windows 10 , 64 bit Build 19041 (10.0.19041.1348)
Time: Tue Dec 14 19:23:01 2021 Hora oficial do Brasil elapsed time: 0.009631 seconds (0d 0h 0m 0s)

---------------  T H R E A D  ---------------

Current thread (0x000001dec583df80):  JavaThread "Unknown thread" [_thread_in_vm, id=25304, stack(0x0000000b86f00000,0x0000000b87000000)]

Stack: [0x0000000b86f00000,0x0000000b87000000]
Native frames: (J=compiled Java code, j=interpreted, Vv=VM code, C=native code)
V  [jvm.dll+0x6681ca]
V  [jvm.dll+0x7c9e69]
V  [jvm.dll+0x7cb61e]
V  [jvm.dll+0x7cbc73]
V  [jvm.dll+0x242c55]
V  [jvm.dll+0x664f89]
V  [jvm.dll+0x659b75]
V  [jvm.dll+0x2fbfbb]
V  [jvm.dll+0x3031b6]
V  [jvm.dll+0x35299e]
V  [jvm.dll+0x352bcf]
V  [jvm.dll+0x2d3028]
V  [jvm.dll+0x2d4264]
V  [jvm.dll+0x79c741]
V  [jvm.dll+0x360791]
V  [jvm.dll+0x77a3f0]
V  [jvm.dll+0x3e4e8f]
V  [jvm.dll+0x3e6961]
C  [jli.dll+0x52fb]
C  [ucrtbase.dll+0x21bb2]
C  [KERNEL32.DLL+0x17034]
C  [ntdll.dll+0x52651]


---------------  P R O C E S S  ---------------

Threads class SMR info:
_java_thread_list=0x00007ff8f5aacbb8, length=0, elements={
}

Java Threads: ( => current thread )

Other Threads:
  0x000001dec58b5270 GCTaskThread "GC Thread#0" [stack: 0x0000000b87000000,0x0000000b87100000] [id=11236]
  0x000001dec58c8ee0 ConcurrentGCThread "G1 Main Marker" [stack: 0x0000000b87100000,0x0000000b87200000] [id=24748]
  0x000001dec58ca8f0 ConcurrentGCThread "G1 Conc#0" [stack: 0x0000000b87200000,0x0000000b87300000] [id=18936]

[error occurred during error reporting (printing all threads), id 0xc0000005, EXCEPTION_ACCESS_VIOLATION (0xc0000005) at pc=0x00007ff8f5283ee7]

VM state: not at safepoint (not fully initialized)

VM Mutex/Monitor currently owned by a thread:  ([mutex/lock_event])
[0x000001dec5839ff0] Heap_lock - owner thread: 0x000001dec583df80

Heap address: 0x0000000600c00000, size: 8180 MB, Compressed Oops mode: Zero based, Oop shift amount: 3

CDS archive(s) mapped at: [0x0000000000000000-0x0000000000000000-0x0000000000000000), size 0, SharedBaseAddress: 0x0000000800000000, ArchiveRelocationMode: 0.
Narrow klass base: 0x0000000000000000, Narrow klass shift: 0, Narrow klass range: 0x0

GC Precious Log:
<Empty>

Heap:
 garbage-first heap   total 0K, used 0K [0x0000000600c00000, 0x0000000800000000)
  region size 4096K, 0 young (0K), 0 survivors (0K)

[error occurred during error reporting (printing heap information), id 0xc0000005, EXCEPTION_ACCESS_VIOLATION (0xc0000005) at pc=0x00007ff8f5661eed]

GC Heap History (0 events):
No events

Deoptimization events (0 events):
No events

Classes unloaded (0 events):
No events

Classes redefined (0 events):
No events

Internal exceptions (0 events):
No events

Events (1 events):
Event: 0.004 Loaded shared library C:\Users\Lucas Non-Admin\.p2\pool\plugins\org.eclipse.justj.openjdk.hotspot.jre.full.win32.x86_64_16.0.2.v20210721-1149\jre\bin\java.dll


Dynamic libraries:
0x00007ff763990000 - 0x00007ff76399e000 	C:\Users\Lucas Non-Admin\.p2\pool\plugins\org.eclipse.justj.openjdk.hotspot.jre.full.win32.x86_64_16.0.2.v20210721-1149\jre\bin\javaw.exe
0x00007ff969b70000 - 0x00007ff969d65000 	C:\Windows\SYSTEM32\ntdll.dll
0x00007ff964ad0000 - 0x00007ff964ae6000 	C:\Program Files\AVG\Antivirus\aswhook.dll
0x00007ff968750000 - 0x00007ff96880e000 	C:\Windows\System32\KERNEL32.DLL
0x00007ff9677f0000 - 0x00007ff967ab8000 	C:\Windows\System32\KERNELBASE.dll
0x00007ff967290000 - 0x00007ff967390000 	C:\Windows\System32\ucrtbase.dll
0x00007ff93d480000 - 0x00007ff93d498000 	C:\Users\Lucas Non-Admin\.p2\pool\plugins\org.eclipse.justj.openjdk.hotspot.jre.full.win32.x86_64_16.0.2.v20210721-1149\jre\bin\jli.dll
0x00007ff9461d0000 - 0x00007ff9461e9000 	C:\Users\Lucas Non-Admin\.p2\pool\plugins\org.eclipse.justj.openjdk.hotspot.jre.full.win32.x86_64_16.0.2.v20210721-1149\jre\bin\VCRUNTIME140.dll
0x00007ff969200000 - 0x00007ff9693a1000 	C:\Windows\System32\USER32.dll
0x00007ff967b90000 - 0x00007ff967bb2000 	C:\Windows\System32\win32u.dll
0x00007ff955f60000 - 0x00007ff9561fa000 	C:\Windows\WinSxS\amd64_microsoft.windows.common-controls_6595b64144ccf1df_6.0.19041.1110_none_60b5254171f9507e\COMCTL32.dll
0x00007ff969630000 - 0x00007ff96965b000 	C:\Windows\System32\GDI32.dll
0x00007ff967bc0000 - 0x00007ff967c5e000 	C:\Windows\System32\msvcrt.dll
0x00007ff9676e0000 - 0x00007ff9677eb000 	C:\Windows\System32\gdi32full.dll
0x00007ff967af0000 - 0x00007ff967b8d000 	C:\Windows\System32\msvcp_win.dll
0x00007ff969110000 - 0x00007ff969140000 	C:\Windows\System32\IMM32.DLL
0x00007ff946750000 - 0x00007ff94675c000 	C:\Users\Lucas Non-Admin\.p2\pool\plugins\org.eclipse.justj.openjdk.hotspot.jre.full.win32.x86_64_16.0.2.v20210721-1149\jre\bin\vcruntime140_1.dll
0x00007ff925580000 - 0x00007ff925611000 	C:\Users\Lucas Non-Admin\.p2\pool\plugins\org.eclipse.justj.openjdk.hotspot.jre.full.win32.x86_64_16.0.2.v20210721-1149\jre\bin\msvcp140.dll
0x00007ff8f4fa0000 - 0x00007ff8f5b4b000 	C:\Users\Lucas Non-Admin\.p2\pool\plugins\org.eclipse.justj.openjdk.hotspot.jre.full.win32.x86_64_16.0.2.v20210721-1149\jre\bin\server\jvm.dll
0x00007ff969910000 - 0x00007ff9699bc000 	C:\Windows\System32\ADVAPI32.dll
0x00007ff9694d0000 - 0x00007ff96956b000 	C:\Windows\System32\sechost.dll
0x00007ff968620000 - 0x00007ff96874a000 	C:\Windows\System32\RPCRT4.dll
0x00007ff968f50000 - 0x00007ff968f58000 	C:\Windows\System32\PSAPI.DLL
0x00007ff95d130000 - 0x00007ff95d157000 	C:\Windows\SYSTEM32\WINMM.dll
0x00007ff954630000 - 0x00007ff954639000 	C:\Windows\SYSTEM32\WSOCK32.dll
0x00007ff95f690000 - 0x00007ff95f69a000 	C:\Windows\SYSTEM32\VERSION.dll
0x00007ff969810000 - 0x00007ff96987b000 	C:\Windows\System32\WS2_32.dll
0x00007ff9651b0000 - 0x00007ff9651c2000 	C:\Windows\SYSTEM32\kernel.appcore.dll
0x00007ff960c10000 - 0x00007ff960c1a000 	C:\Users\Lucas Non-Admin\.p2\pool\plugins\org.eclipse.justj.openjdk.hotspot.jre.full.win32.x86_64_16.0.2.v20210721-1149\jre\bin\jimage.dll
0x00007ff95a430000 - 0x00007ff95a614000 	C:\Windows\SYSTEM32\DBGHELP.DLL
0x00007ff959be0000 - 0x00007ff959c0c000 	C:\Windows\SYSTEM32\dbgcore.DLL
0x00007ff9675a0000 - 0x00007ff967623000 	C:\Windows\System32\bcryptPrimitives.dll
0x00007ff946790000 - 0x00007ff9467b5000 	C:\Users\Lucas Non-Admin\.p2\pool\plugins\org.eclipse.justj.openjdk.hotspot.jre.full.win32.x86_64_16.0.2.v20210721-1149\jre\bin\java.dll

dbghelp: loaded successfully - version: 4.0.5 - missing functions: none
symbol engine: initialized successfully - sym options: 0x614 - pdb path: .;C:\Users\Lucas Non-Admin\.p2\pool\plugins\org.eclipse.justj.openjdk.hotspot.jre.full.win32.x86_64_16.0.2.v20210721-1149\jre\bin;C:\Windows\SYSTEM32;C:\Program Files\AVG\Antivirus;C:\Windows\WinSxS\amd64_microsoft.windows.common-controls_6595b64144ccf1df_6.0.19041.1110_none_60b5254171f9507e;C:\Users\Lucas Non-Admin\.p2\pool\plugins\org.eclipse.justj.openjdk.hotspot.jre.full.win32.x86_64_16.0.2.v20210721-1149\jre\bin\server

VM Arguments:
jvm_args: -Dfile.encoding=Cp1252 --module-path=E:\LUCAS_PROGRAMMING\Java\TCC\Accendo\accendo\bin -XX:+ShowCodeDetailsInExceptionMessages -Djdk.module.main=accendo 
java_command: accendo/main.Main
java_class_path (initial): <not set>
Launcher Type: SUN_STANDARD

[Global flags]
     intx CICompilerCount                          = 4                                         {product} {ergonomic}
     uint ConcGCThreads                            = 3                                         {product} {ergonomic}
     uint G1ConcRefinementThreads                  = 10                                        {product} {ergonomic}
   size_t G1HeapRegionSize                         = 4194304                                   {product} {ergonomic}
    uintx GCDrainStackTargetSize                   = 64                                        {product} {ergonomic}
   size_t InitialHeapSize                          = 536870912                                 {product} {ergonomic}
   size_t MarkStackSize                            = 4194304                                   {product} {ergonomic}
   size_t MaxHeapSize                              = 8577351680                                {product} {ergonomic}
   size_t MinHeapDeltaBytes                        = 4194304                                   {product} {ergonomic}
   size_t MinHeapSize                              = 8388608                                   {product} {ergonomic}
    uintx NonNMethodCodeHeapSize                   = 5839372                                {pd product} {ergonomic}
    uintx NonProfiledCodeHeapSize                  = 122909434                              {pd product} {ergonomic}
    uintx ProfiledCodeHeapSize                     = 122909434                              {pd product} {ergonomic}
    uintx ReservedCodeCacheSize                    = 251658240                              {pd product} {ergonomic}
     bool SegmentedCodeCache                       = true                                      {product} {ergonomic}
     bool ShowCodeDetailsInExceptionMessages       = true                                   {manageable} {command line}
   size_t SoftMaxHeapSize                          = 8577351680                             {manageable} {ergonomic}
     bool UseCompressedClassPointers               = true                           {product lp64_product} {ergonomic}
     bool UseCompressedOops                        = true                           {product lp64_product} {ergonomic}
     bool UseG1GC                                  = true                                      {product} {ergonomic}
     bool UseLargePagesIndividualAllocation        = false                                  {pd product} {ergonomic}

Logging:
Log output configuration:
 #0: stdout all=warning uptime,level,tags
 #1: stderr all=off uptime,level,tags

Environment Variables:
PATH=C:/Users/Lucas Non-Admin/.p2/pool/plugins/org.eclipse.justj.openjdk.hotspot.jre.full.win32.x86_64_16.0.2.v20210721-1149/jre/bin/server;C:/Users/Lucas Non-Admin/.p2/pool/plugins/org.eclipse.justj.openjdk.hotspot.jre.full.win32.x86_64_16.0.2.v20210721-1149/jre/bin;C:\Windows\system32;C:\Windows;C:\Windows\System32\Wbem;C:\Windows\System32\WindowsPowerShell\v1.0\;C:\Windows\System32\OpenSSH\;C:\Program Files (x86)\NVIDIA Corporation\PhysX\Common;C:\Program Files\NVIDIA Corporation\NVIDIA NvDLISR;C:\Program Files\dotnet\;C:\Users\Lucas Non-Admin\.p2\pool\plugins\org.eclipse.justj.openjdk.hotspot.jre.full.win32.x86_64_16.0.2.v20210721-1149\jre\bin;C:\Program Files\nodejs\;C:\Users\Lucas Non-Admin\AppData\Local\Microsoft\WindowsApps;C:\Users\Lucas Non-Admin\AppData\Local\GitHubDesktop\bin;C:\Users\Lucas Non-Admin\AppData\Local\Programs\Microsoft VS Code\bin;C:\Users\Lucas Non-Admin\AppData\Roaming\npm;C:\Windows\system32;
USERNAME=Lucas Non-Admin
OS=Windows_NT
PROCESSOR_IDENTIFIER=AMD64 Family 25 Model 33 Stepping 0, AuthenticAMD



---------------  S Y S T E M  ---------------

OS:
 Windows 10 , 64 bit Build 19041 (10.0.19041.1348)
OS uptime: 0 days 2:55 hours

CPU: total 12 (initial active 12) (12 cores per cpu, 2 threads per core) family 25 model 33 stepping 0 microcode 0x0, cx8, cmov, fxsr, ht, mmx, 3dnowpref, sse, sse2, sse3, ssse3, sse4a, sse4.1, sse4.2, popcnt, lzcnt, tsc, tscinvbit, avx, avx2, aes, erms, clmul, bmi1, bmi2, adx, sha, fma, vzeroupper, clflush, clflushopt

Memory: 4k page, system-wide physical 32712M (20728M free)
TotalPageFile size 61078M (AvailPageFile size 297M)
current process WorkingSet (physical memory assigned to process): 10M, peak: 10M
current process commit charge ("private bytes"): 64M, peak: 576M

vm_info: OpenJDK 64-Bit Server VM (16.0.2+7-67) for windows-amd64 JRE (16.0.2+7-67), built on Jun  8 2021 23:21:43 by "mach5one" with MS VC++ 16.7 (VS2019)

END.
